<?xml version="1.0" encoding="UTF-8"?>
<!-- Generated by org.testng.reporters.JUnitReportReporter -->
<testsuite skipped="0" hostname="LAPTOP-SNG10N7O" name="print.SampleGit" tests="1" failures="0" timestamp="07 Jan 2018 14:41:57 GMT" time="0.015" errors="0">
  <testcase name="NW" time="0.015" classname="print.SampleGit"/>
</testsuite> <!-- print.SampleGit -->
